0 verbose cli C:\Program Files\nodejs\node.exe C:\Program Files\nodejs\node_modules\npm\bin\npm-cli.js
1 info using npm@10.2.4
2 info using node@v20.11.1
3 timing npm:load:whichnode Completed in 2ms
4 timing config:load:defaults Completed in 2ms
5 timing config:load:file:C:\Program Files\nodejs\node_modules\npm\npmrc Completed in 3ms
6 timing config:load:builtin Completed in 3ms
7 timing config:load:cli Completed in 2ms
8 timing config:load:env Completed in 0ms
9 timing config:load:file:C:\Users\Lorena\Desktop\front-end-dev\CLASS-PROJECTS\API-project\api-react-app\.npmrc Completed in 0ms
10 timing config:load:project Completed in 1ms
11 timing config:load:file:C:\Users\Lorena\.npmrc Completed in 0ms
12 timing config:load:user Completed in 0ms
13 timing config:load:file:C:\Users\Lorena\AppData\Roaming\npm\etc\npmrc Completed in 1ms
14 timing config:load:global Completed in 1ms
15 timing config:load:setEnvs Completed in 0ms
16 timing config:load Completed in 10ms
17 timing npm:load:configload Completed in 11ms
18 timing config:load:flatten Completed in 2ms
19 timing npm:load:mkdirpcache Completed in 0ms
20 timing npm:load:mkdirplogs Completed in 0ms
21 verbose title npm i react-router-dom
22 verbose argv "i" "react-router-dom"
23 timing npm:load:setTitle Completed in 1ms
24 timing npm:load:display Completed in 0ms
25 verbose logfile logs-max:10 dir:C:\Users\Lorena\Desktop\front-end-dev\CLASS-PROJECTS\API-project\api-react-app\UsersLorenaAppDataLocalnpm-cache\_logs\2024-12-29T13_20_51_784Z-
26 verbose logfile C:\Users\Lorena\Desktop\front-end-dev\CLASS-PROJECTS\API-project\api-react-app\UsersLorenaAppDataLocalnpm-cache\_logs\2024-12-29T13_20_51_784Z-debug-0.log
27 timing npm:load:logFile Completed in 8ms
28 timing npm:load:timers Completed in 0ms
29 timing npm:load:configScope Completed in 0ms
30 timing npm:load Completed in 52ms
31 timing arborist:ctor Completed in 1ms
32 silly logfile done cleaning log files
33 verbose shrinkwrap failed to load node_modules/.package-lock.json out of date, updated: node_modules
34 timing idealTree:init Completed in 129ms
35 timing idealTree:userRequests Completed in 2ms
36 silly idealTree buildDeps
37 silly fetch manifest react-router-dom@*
38 http fetch GET 200 https://registry.npmjs.org/react-router-dom 403ms (cache miss)
39 silly fetch manifest react@^18.3.1
40 http fetch GET 200 https://registry.npmjs.org/react 468ms (cache miss)
41 silly fetch manifest react-dom@^18.3.1
42 http fetch GET 200 https://registry.npmjs.org/react-dom 286ms (cache miss)
43 silly placeDep ROOT react-router-dom@7.1.1 OK for: api-react-app@0.0.0 want: *
44 silly fetch manifest react-router@7.1.1
45 http fetch GET 200 https://registry.npmjs.org/react-router 131ms (cache miss)
46 timing idealTree:#root Completed in 1365ms
47 silly fetch manifest react@>=18
48 silly fetch manifest react-dom@>=18
49 silly placeDep ROOT react-router@7.1.1 OK for: react-router-dom@7.1.1 want: 7.1.1
50 silly fetch manifest cookie@^1.0.1
51 silly fetch manifest turbo-stream@2.4.0
52 silly fetch manifest @types/cookie@^0.6.0
53 silly fetch manifest set-cookie-parser@^2.6.0
54 http fetch GET 200 https://registry.npmjs.org/cookie 100ms (cache miss)
55 http fetch GET 200 https://registry.npmjs.org/@types%2fcookie 217ms (cache miss)
56 http fetch GET 200 https://registry.npmjs.org/turbo-stream 218ms (cache miss)
57 http fetch GET 200 https://registry.npmjs.org/set-cookie-parser 219ms (cache miss)
58 timing idealTree:node_modules/react-router-dom Completed in 227ms
59 silly placeDep ROOT @types/cookie@0.6.0 OK for: react-router@7.1.1 want: ^0.6.0
60 silly placeDep ROOT cookie@1.0.2 OK for: react-router@7.1.1 want: ^1.0.1
61 silly placeDep ROOT set-cookie-parser@2.7.1 OK for: react-router@7.1.1 want: ^2.6.0
62 silly placeDep ROOT turbo-stream@2.4.0 OK for: react-router@7.1.1 want: 2.4.0
63 timing idealTree:node_modules/react-router Completed in 4ms
64 timing idealTree:node_modules/@types/cookie Completed in 0ms
65 timing idealTree:node_modules/cookie Completed in 0ms
66 timing idealTree:node_modules/set-cookie-parser Completed in 0ms
67 timing idealTree:node_modules/turbo-stream Completed in 0ms
68 timing idealTree:buildDeps Completed in 1597ms
69 timing idealTree:fixDepFlags Completed in 3ms
70 timing idealTree Completed in 1735ms
71 timing reify:loadTrees Completed in 1736ms
72 timing reify:diffTrees Completed in 9ms
73 silly reify moves {}
74 timing reify:retireShallow Completed in 0ms
75 timing reify:createSparse Completed in 10ms
76 timing reify:loadBundles Completed in 0ms
77 silly audit bulk request {
77 silly audit   '@ampproject/remapping': [ '2.3.0' ],
77 silly audit   '@babel/code-frame': [ '7.26.2' ],
77 silly audit   '@babel/compat-data': [ '7.26.3' ],
77 silly audit   '@babel/core': [ '7.26.0' ],
77 silly audit   '@babel/generator': [ '7.26.3' ],
77 silly audit   '@babel/helper-compilation-targets': [ '7.25.9' ],
77 silly audit   '@babel/helper-module-imports': [ '7.25.9' ],
77 silly audit   '@babel/helper-module-transforms': [ '7.26.0' ],
77 silly audit   '@babel/helper-plugin-utils': [ '7.25.9' ],
77 silly audit   '@babel/helper-string-parser': [ '7.25.9' ],
77 silly audit   '@babel/helper-validator-identifier': [ '7.25.9' ],
77 silly audit   '@babel/helper-validator-option': [ '7.25.9' ],
77 silly audit   '@babel/helpers': [ '7.26.0' ],
77 silly audit   '@babel/parser': [ '7.26.3' ],
77 silly audit   '@babel/plugin-transform-react-jsx-self': [ '7.25.9' ],
77 silly audit   '@babel/plugin-transform-react-jsx-source': [ '7.25.9' ],
77 silly audit   '@babel/template': [ '7.25.9' ],
77 silly audit   '@babel/traverse': [ '7.26.4' ],
77 silly audit   globals: [ '11.12.0', '14.0.0', '15.14.0' ],
77 silly audit   '@babel/types': [ '7.26.3' ],
77 silly audit   '@esbuild/aix-ppc64': [ '0.24.2' ],
77 silly audit   '@esbuild/android-arm': [ '0.24.2' ],
77 silly audit   '@esbuild/android-arm64': [ '0.24.2' ],
77 silly audit   '@esbuild/android-x64': [ '0.24.2' ],
77 silly audit   '@esbuild/darwin-arm64': [ '0.24.2' ],
77 silly audit   '@esbuild/darwin-x64': [ '0.24.2' ],
77 silly audit   '@esbuild/freebsd-arm64': [ '0.24.2' ],
77 silly audit   '@esbuild/freebsd-x64': [ '0.24.2' ],
77 silly audit   '@esbuild/linux-arm': [ '0.24.2' ],
77 silly audit   '@esbuild/linux-arm64': [ '0.24.2' ],
77 silly audit   '@esbuild/linux-ia32': [ '0.24.2' ],
77 silly audit   '@esbuild/linux-loong64': [ '0.24.2' ],
77 silly audit   '@esbuild/linux-mips64el': [ '0.24.2' ],
77 silly audit   '@esbuild/linux-ppc64': [ '0.24.2' ],
77 silly audit   '@esbuild/linux-riscv64': [ '0.24.2' ],
77 silly audit   '@esbuild/linux-s390x': [ '0.24.2' ],
77 silly audit   '@esbuild/linux-x64': [ '0.24.2' ],
77 silly audit   '@esbuild/netbsd-arm64': [ '0.24.2' ],
77 silly audit   '@esbuild/netbsd-x64': [ '0.24.2' ],
77 silly audit   '@esbuild/openbsd-arm64': [ '0.24.2' ],
77 silly audit   '@esbuild/openbsd-x64': [ '0.24.2' ],
77 silly audit   '@esbuild/sunos-x64': [ '0.24.2' ],
77 silly audit   '@esbuild/win32-arm64': [ '0.24.2' ],
77 silly audit   '@esbuild/win32-ia32': [ '0.24.2' ],
77 silly audit   '@esbuild/win32-x64': [ '0.24.2' ],
77 silly audit   '@eslint-community/eslint-utils': [ '4.4.1' ],
77 silly audit   'eslint-visitor-keys': [ '3.4.3', '4.2.0' ],
77 silly audit   '@eslint-community/regexpp': [ '4.12.1' ],
77 silly audit   '@eslint/config-array': [ '0.19.1' ],
77 silly audit   '@eslint/core': [ '0.9.1' ],
77 silly audit   '@eslint/eslintrc': [ '3.2.0' ],
77 silly audit   '@eslint/js': [ '9.17.0' ],
77 silly audit   '@eslint/object-schema': [ '2.1.5' ],
77 silly audit   '@eslint/plugin-kit': [ '0.2.4' ],
77 silly audit   '@humanfs/core': [ '0.19.1' ],
77 silly audit   '@humanfs/node': [ '0.16.6' ],
77 silly audit   '@humanwhocodes/retry': [ '0.3.1', '0.4.1' ],
77 silly audit   '@humanwhocodes/module-importer': [ '1.0.1' ],
77 silly audit   '@jridgewell/gen-mapping': [ '0.3.8' ],
77 silly audit   '@jridgewell/resolve-uri': [ '3.1.2' ],
77 silly audit   '@jridgewell/set-array': [ '1.2.1' ],
77 silly audit   '@jridgewell/sourcemap-codec': [ '1.5.0' ],
77 silly audit   '@jridgewell/trace-mapping': [ '0.3.25' ],
77 silly audit   '@rollup/rollup-android-arm-eabi': [ '4.29.1' ],
77 silly audit   '@rollup/rollup-android-arm64': [ '4.29.1' ],
77 silly audit   '@rollup/rollup-darwin-arm64': [ '4.29.1' ],
77 silly audit   '@rollup/rollup-darwin-x64': [ '4.29.1' ],
77 silly audit   '@rollup/rollup-freebsd-arm64': [ '4.29.1' ],
77 silly audit   '@rollup/rollup-freebsd-x64': [ '4.29.1' ],
77 silly audit   '@rollup/rollup-linux-arm-gnueabihf': [ '4.29.1' ],
77 silly audit   '@rollup/rollup-linux-arm-musleabihf': [ '4.29.1' ],
77 silly audit   '@rollup/rollup-linux-arm64-gnu': [ '4.29.1' ],
77 silly audit   '@rollup/rollup-linux-arm64-musl': [ '4.29.1' ],
77 silly audit   '@rollup/rollup-linux-loongarch64-gnu': [ '4.29.1' ],
77 silly audit   '@rollup/rollup-linux-powerpc64le-gnu': [ '4.29.1' ],
77 silly audit   '@rollup/rollup-linux-riscv64-gnu': [ '4.29.1' ],
77 silly audit   '@rollup/rollup-linux-s390x-gnu': [ '4.29.1' ],
77 silly audit   '@rollup/rollup-linux-x64-gnu': [ '4.29.1' ],
77 silly audit   '@rollup/rollup-linux-x64-musl': [ '4.29.1' ],
77 silly audit   '@rollup/rollup-win32-arm64-msvc': [ '4.29.1' ],
77 silly audit   '@rollup/rollup-win32-ia32-msvc': [ '4.29.1' ],
77 silly audit   '@rollup/rollup-win32-x64-msvc': [ '4.29.1' ],
77 silly audit   '@types/babel__core': [ '7.20.5' ],
77 silly audit   '@types/babel__generator': [ '7.6.8' ],
77 silly audit   '@types/babel__template': [ '7.4.4' ],
77 silly audit   '@types/babel__traverse': [ '7.20.6' ],
77 silly audit   '@types/estree': [ '1.0.6' ],
77 silly audit   '@types/json-schema': [ '7.0.15' ],
77 silly audit   '@types/prop-types': [ '15.7.14' ],
77 silly audit   '@types/react': [ '18.3.18' ],
77 silly audit   '@types/react-dom': [ '18.3.5' ],
77 silly audit   '@vitejs/plugin-react': [ '4.3.4' ],
77 silly audit   acorn: [ '8.14.0' ],
77 silly audit   'acorn-jsx': [ '5.3.2' ],
77 silly audit   ajv: [ '6.12.6' ],
77 silly audit   'ansi-styles': [ '4.3.0' ],
77 silly audit   argparse: [ '2.0.1' ],
77 silly audit   'array-buffer-byte-length': [ '1.0.2' ],
77 silly audit   'array-includes': [ '3.1.8' ],
77 silly audit   'array.prototype.findlast': [ '1.2.5' ],
77 silly audit   'array.prototype.flat': [ '1.3.3' ],
77 silly audit   'array.prototype.flatmap': [ '1.3.3' ],
77 silly audit   'array.prototype.tosorted': [ '1.1.4' ],
77 silly audit   'arraybuffer.prototype.slice': [ '1.0.4' ],
77 silly audit   'available-typed-arrays': [ '1.0.7' ],
77 silly audit   'balanced-match': [ '1.0.2' ],
77 silly audit   'brace-expansion': [ '1.1.11' ],
77 silly audit   browserslist: [ '4.24.3' ],
77 silly audit   'call-bind': [ '1.0.8' ],
77 silly audit   'call-bind-apply-helpers': [ '1.0.1' ],
77 silly audit   'call-bound': [ '1.0.3' ],
77 silly audit   callsites: [ '3.1.0' ],
77 silly audit   'caniuse-lite': [ '1.0.30001690' ],
77 silly audit   chalk: [ '4.1.2' ],
77 silly audit   'color-convert': [ '2.0.1' ],
77 silly audit   'color-name': [ '1.1.4' ],
77 silly audit   'concat-map': [ '0.0.1' ],
77 silly audit   'convert-source-map': [ '2.0.0' ],
77 silly audit   'cross-spawn': [ '7.0.6' ],
77 silly audit   csstype: [ '3.1.3' ],
77 silly audit   'data-view-buffer': [ '1.0.2' ],
77 silly audit   'data-view-byte-length': [ '1.0.2' ],
77 silly audit   'data-view-byte-offset': [ '1.0.1' ],
77 silly audit   debug: [ '4.4.0' ],
77 silly audit   'deep-is': [ '0.1.4' ],
77 silly audit   'define-data-property': [ '1.1.4' ],
77 silly audit   'define-properties': [ '1.2.1' ],
77 silly audit   doctrine: [ '2.1.0' ],
77 silly audit   'dunder-proto': [ '1.0.1' ],
77 silly audit   'electron-to-chromium': [ '1.5.76' ],
77 silly audit   'es-abstract': [ '1.23.8' ],
77 silly audit   'es-define-property': [ '1.0.1' ],
77 silly audit   'es-errors': [ '1.3.0' ],
77 silly audit   'es-iterator-helpers': [ '1.2.1' ],
77 silly audit   'es-object-atoms': [ '1.0.0' ],
77 silly audit   'es-set-tostringtag': [ '2.0.3' ],
77 silly audit   'es-shim-unscopables': [ '1.0.2' ],
77 silly audit   'es-to-primitive': [ '1.3.0' ],
77 silly audit   esbuild: [ '0.24.2' ],
77 silly audit   escalade: [ '3.2.0' ],
77 silly audit   'escape-string-regexp': [ '4.0.0' ],
77 silly audit   eslint: [ '9.17.0' ],
77 silly audit   'eslint-plugin-react': [ '7.37.3' ],
77 silly audit   'eslint-plugin-react-hooks': [ '5.1.0' ],
77 silly audit   'eslint-plugin-react-refresh': [ '0.4.16' ],
77 silly audit   'eslint-scope': [ '8.2.0' ],
77 silly audit   espree: [ '10.3.0' ],
77 silly audit   esquery: [ '1.6.0' ],
77 silly audit   esrecurse: [ '4.3.0' ],
77 silly audit   estraverse: [ '5.3.0' ],
77 silly audit   esutils: [ '2.0.3' ],
77 silly audit   'fast-deep-equal': [ '3.1.3' ],
77 silly audit   'fast-json-stable-stringify': [ '2.1.0' ],
77 silly audit   'fast-levenshtein': [ '2.0.6' ],
77 silly audit   'file-entry-cache': [ '8.0.0' ],
77 silly audit   'find-up': [ '5.0.0' ],
77 silly audit   'flat-cache': [ '4.0.1' ],
77 silly audit   flatted: [ '3.3.2' ],
77 silly audit   'for-each': [ '0.3.3' ],
77 silly audit   fsevents: [ '2.3.3' ],
77 silly audit   'function-bind': [ '1.1.2' ],
77 silly audit   'function.prototype.name': [ '1.1.8' ],
77 silly audit   'functions-have-names': [ '1.2.3' ],
77 silly audit   gensync: [ '1.0.0-beta.2' ],
77 silly audit   'get-intrinsic': [ '1.2.6' ],
77 silly audit   'get-symbol-description': [ '1.1.0' ],
77 silly audit   'glob-parent': [ '6.0.2' ],
77 silly audit   globalthis: [ '1.0.4' ],
77 silly audit   gopd: [ '1.2.0' ],
77 silly audit   'has-bigints': [ '1.1.0' ],
77 silly audit   'has-flag': [ '4.0.0' ],
77 silly audit   'has-property-descriptors': [ '1.0.2' ],
77 silly audit   'has-proto': [ '1.2.0' ],
77 silly audit   'has-symbols': [ '1.1.0' ],
77 silly audit   'has-tostringtag': [ '1.0.2' ],
77 silly audit   hasown: [ '2.0.2' ],
77 silly audit   ignore: [ '5.3.2' ],
77 silly audit   'import-fresh': [ '3.3.0' ],
77 silly audit   imurmurhash: [ '0.1.4' ],
77 silly audit   'internal-slot': [ '1.1.0' ],
77 silly audit   'is-array-buffer': [ '3.0.5' ],
77 silly audit   'is-async-function': [ '2.0.0' ],
77 silly audit   'is-bigint': [ '1.1.0' ],
77 silly audit   'is-boolean-object': [ '1.2.1' ],
77 silly audit   'is-callable': [ '1.2.7' ],
77 silly audit   'is-core-module': [ '2.16.1' ],
77 silly audit   'is-data-view': [ '1.0.2' ],
77 silly audit   'is-date-object': [ '1.1.0' ],
77 silly audit   'is-extglob': [ '2.1.1' ],
77 silly audit   'is-finalizationregistry': [ '1.1.1' ],
77 silly audit   'is-generator-function': [ '1.0.10' ],
77 silly audit   'is-glob': [ '4.0.3' ],
77 silly audit   'is-map': [ '2.0.3' ],
77 silly audit   'is-number-object': [ '1.1.1' ],
77 silly audit   'is-regex': [ '1.2.1' ],
77 silly audit   'is-set': [ '2.0.3' ],
77 silly audit   'is-shared-array-buffer': [ '1.0.4' ],
77 silly audit   'is-string': [ '1.1.1' ],
77 silly audit   'is-symbol': [ '1.1.1' ],
77 silly audit   'is-typed-array': [ '1.1.15' ],
77 silly audit   'is-weakmap': [ '2.0.2' ],
77 silly audit   'is-weakref': [ '1.1.0' ],
77 silly audit   'is-weakset': [ '2.0.4' ],
77 silly audit   isarray: [ '2.0.5' ],
77 silly audit   isexe: [ '2.0.0' ],
77 silly audit   'iterator.prototype': [ '1.1.4' ],
77 silly audit   'js-tokens': [ '4.0.0' ],
77 silly audit   'js-yaml': [ '4.1.0' ],
77 silly audit   jsesc: [ '3.1.0' ],
77 silly audit   'json-buffer': [ '3.0.1' ],
77 silly audit   'json-schema-traverse': [ '0.4.1' ],
77 silly audit   'json-stable-stringify-without-jsonify': [ '1.0.1' ],
77 silly audit   json5: [ '2.2.3' ],
77 silly audit   'jsx-ast-utils': [ '3.3.5' ],
77 silly audit   keyv: [ '4.5.4' ],
77 silly audit   levn: [ '0.4.1' ],
77 silly audit   'locate-path': [ '6.0.0' ],
77 silly audit   'lodash.merge': [ '4.6.2' ],
77 silly audit   'loose-envify': [ '1.4.0' ],
77 silly audit   'lru-cache': [ '5.1.1' ],
77 silly audit   'math-intrinsics': [ '1.1.0' ],
77 silly audit   minimatch: [ '3.1.2' ],
77 silly audit   ms: [ '2.1.3' ],
77 silly audit   nanoid: [ '3.3.8' ],
77 silly audit   'natural-compare': [ '1.4.0' ],
77 silly audit   'node-releases': [ '2.0.19' ],
77 silly audit   'object-assign': [ '4.1.1' ],
77 silly audit   'object-inspect': [ '1.13.3' ],
77 silly audit   'object-keys': [ '1.1.1' ],
77 silly audit   'object.assign': [ '4.1.7' ],
77 silly audit   'object.entries': [ '1.1.8' ],
77 silly audit   'object.fromentries': [ '2.0.8' ],
77 silly audit   'object.values': [ '1.2.1' ],
77 silly audit   optionator: [ '0.9.4' ],
77 silly audit   'own-keys': [ '1.0.0' ],
77 silly audit   'p-limit': [ '3.1.0' ],
77 silly audit   'p-locate': [ '5.0.0' ],
77 silly audit   'parent-module': [ '1.0.1' ],
77 silly audit   'path-exists': [ '4.0.0' ],
77 silly audit   'path-key': [ '3.1.1' ],
77 silly audit   'path-parse': [ '1.0.7' ],
77 silly audit   picocolors: [ '1.1.1' ],
77 silly audit   'possible-typed-array-names': [ '1.0.0' ],
77 silly audit   postcss: [ '8.4.49' ],
77 silly audit   'prelude-ls': [ '1.2.1' ],
77 silly audit   'prop-types': [ '15.8.1' ],
77 silly audit   punycode: [ '2.3.1' ],
77 silly audit   react: [ '18.3.1' ],
77 silly audit   'react-dom': [ '18.3.1' ],
77 silly audit   'react-is': [ '16.13.1' ],
77 silly audit   'react-refresh': [ '0.14.2' ],
77 silly audit   'reflect.getprototypeof': [ '1.0.9' ],
77 silly audit   'regexp.prototype.flags': [ '1.5.3' ],
77 silly audit   resolve: [ '2.0.0-next.5' ],
77 silly audit   'resolve-from': [ '4.0.0' ],
77 silly audit   rollup: [ '4.29.1' ],
77 silly audit   'safe-array-concat': [ '1.1.3' ],
77 silly audit   'safe-push-apply': [ '1.0.0' ],
77 silly audit   'safe-regex-test': [ '1.1.0' ],
77 silly audit   scheduler: [ '0.23.2' ],
77 silly audit   semver: [ '6.3.1' ],
77 silly audit   'set-function-length': [ '1.2.2' ],
77 silly audit   'set-function-name': [ '2.0.2' ],
77 silly audit   'shebang-command': [ '2.0.0' ],
77 silly audit   'shebang-regex': [ '3.0.0' ],
77 silly audit   'side-channel': [ '1.1.0' ],
77 silly audit   'side-channel-list': [ '1.0.0' ],
77 silly audit   'side-channel-map': [ '1.0.1' ],
77 silly audit   'side-channel-weakmap': [ '1.0.2' ],
77 silly audit   'source-map-js': [ '1.2.1' ],
77 silly audit   'string.prototype.matchall': [ '4.0.12' ],
77 silly audit   'string.prototype.repeat': [ '1.0.0' ],
77 silly audit   'string.prototype.trim': [ '1.2.10' ],
77 silly audit   'string.prototype.trimend': [ '1.0.9' ],
77 silly audit   'string.prototype.trimstart': [ '1.0.8' ],
77 silly audit   'strip-json-comments': [ '3.1.1' ],
77 silly audit   'supports-color': [ '7.2.0' ],
77 silly audit   'supports-preserve-symlinks-flag': [ '1.0.0' ],
77 silly audit   'type-check': [ '0.4.0' ],
77 silly audit   'typed-array-buffer': [ '1.0.3' ],
77 silly audit   'typed-array-byte-length': [ '1.0.3' ],
77 silly audit   'typed-array-byte-offset': [ '1.0.4' ],
77 silly audit   'typed-array-length': [ '1.0.7' ],
77 silly audit   'unbox-primitive': [ '1.1.0' ],
77 silly audit   'update-browserslist-db': [ '1.1.1' ],
77 silly audit   'uri-js': [ '4.4.1' ],
77 silly audit   vite: [ '6.0.6' ],
77 silly audit   which: [ '2.0.2' ],
77 silly audit   'which-boxed-primitive': [ '1.1.1' ],
77 silly audit   'which-builtin-type': [ '1.2.1' ],
77 silly audit   'which-collection': [ '1.0.2' ],
77 silly audit   'which-typed-array': [ '1.1.18' ],
77 silly audit   'word-wrap': [ '1.2.5' ],
77 silly audit   yallist: [ '3.1.1' ],
77 silly audit   'yocto-queue': [ '0.1.0' ],
77 silly audit   'react-router-dom': [ '7.1.1' ],
77 silly audit   'react-router': [ '7.1.1' ],
77 silly audit   '@types/cookie': [ '0.6.0' ],
77 silly audit   cookie: [ '1.0.2' ],
77 silly audit   'set-cookie-parser': [ '2.7.1' ],
77 silly audit   'turbo-stream': [ '2.4.0' ]
77 silly audit }
78 verbose reify failed optional dependency C:\Users\Lorena\Desktop\front-end-dev\CLASS-PROJECTS\API-project\api-react-app\node_modules\fsevents
79 silly reify mark deleted [
79 silly reify   'C:\\Users\\Lorena\\Desktop\\front-end-dev\\CLASS-PROJECTS\\API-project\\api-react-app\\node_modules\\fsevents'
79 silly reify ]
80 verbose reify failed optional dependency C:\Users\Lorena\Desktop\front-end-dev\CLASS-PROJECTS\API-project\api-react-app\node_modules\@rollup\rollup-win32-ia32-msvc
81 silly reify mark deleted [
81 silly reify   'C:\\Users\\Lorena\\Desktop\\front-end-dev\\CLASS-PROJECTS\\API-project\\api-react-app\\node_modules\\@rollup\\rollup-win32-ia32-msvc'
81 silly reify ]
82 verbose reify failed optional dependency C:\Users\Lorena\Desktop\front-end-dev\CLASS-PROJECTS\API-project\api-react-app\node_modules\@rollup\rollup-win32-arm64-msvc
83 silly reify mark deleted [
83 silly reify   'C:\\Users\\Lorena\\Desktop\\front-end-dev\\CLASS-PROJECTS\\API-project\\api-react-app\\node_modules\\@rollup\\rollup-win32-arm64-msvc'
83 silly reify ]
84 verbose reify failed optional dependency C:\Users\Lorena\Desktop\front-end-dev\CLASS-PROJECTS\API-project\api-react-app\node_modules\@rollup\rollup-linux-x64-musl
85 silly reify mark deleted [
85 silly reify   'C:\\Users\\Lorena\\Desktop\\front-end-dev\\CLASS-PROJECTS\\API-project\\api-react-app\\node_modules\\@rollup\\rollup-linux-x64-musl'
85 silly reify ]
86 verbose reify failed optional dependency C:\Users\Lorena\Desktop\front-end-dev\CLASS-PROJECTS\API-project\api-react-app\node_modules\@rollup\rollup-linux-x64-gnu
87 silly reify mark deleted [
87 silly reify   'C:\\Users\\Lorena\\Desktop\\front-end-dev\\CLASS-PROJECTS\\API-project\\api-react-app\\node_modules\\@rollup\\rollup-linux-x64-gnu'
87 silly reify ]
88 verbose reify failed optional dependency C:\Users\Lorena\Desktop\front-end-dev\CLASS-PROJECTS\API-project\api-react-app\node_modules\@rollup\rollup-linux-s390x-gnu
89 silly reify mark deleted [
89 silly reify   'C:\\Users\\Lorena\\Desktop\\front-end-dev\\CLASS-PROJECTS\\API-project\\api-react-app\\node_modules\\@rollup\\rollup-linux-s390x-gnu'
89 silly reify ]
90 verbose reify failed optional dependency C:\Users\Lorena\Desktop\front-end-dev\CLASS-PROJECTS\API-project\api-react-app\node_modules\@rollup\rollup-linux-riscv64-gnu
91 silly reify mark deleted [
91 silly reify   'C:\\Users\\Lorena\\Desktop\\front-end-dev\\CLASS-PROJECTS\\API-project\\api-react-app\\node_modules\\@rollup\\rollup-linux-riscv64-gnu'
91 silly reify ]
92 verbose reify failed optional dependency C:\Users\Lorena\Desktop\front-end-dev\CLASS-PROJECTS\API-project\api-react-app\node_modules\@rollup\rollup-linux-powerpc64le-gnu
93 silly reify mark deleted [
93 silly reify   'C:\\Users\\Lorena\\Desktop\\front-end-dev\\CLASS-PROJECTS\\API-project\\api-react-app\\node_modules\\@rollup\\rollup-linux-powerpc64le-gnu'
93 silly reify ]
94 verbose reify failed optional dependency C:\Users\Lorena\Desktop\front-end-dev\CLASS-PROJECTS\API-project\api-react-app\node_modules\@rollup\rollup-linux-loongarch64-gnu
95 silly reify mark deleted [
95 silly reify   'C:\\Users\\Lorena\\Desktop\\front-end-dev\\CLASS-PROJECTS\\API-project\\api-react-app\\node_modules\\@rollup\\rollup-linux-loongarch64-gnu'
95 silly reify ]
96 verbose reify failed optional dependency C:\Users\Lorena\Desktop\front-end-dev\CLASS-PROJECTS\API-project\api-react-app\node_modules\@rollup\rollup-linux-arm64-musl
97 silly reify mark deleted [
97 silly reify   'C:\\Users\\Lorena\\Desktop\\front-end-dev\\CLASS-PROJECTS\\API-project\\api-react-app\\node_modules\\@rollup\\rollup-linux-arm64-musl'
97 silly reify ]
98 verbose reify failed optional dependency C:\Users\Lorena\Desktop\front-end-dev\CLASS-PROJECTS\API-project\api-react-app\node_modules\@rollup\rollup-linux-arm64-gnu
99 silly reify mark deleted [
99 silly reify   'C:\\Users\\Lorena\\Desktop\\front-end-dev\\CLASS-PROJECTS\\API-project\\api-react-app\\node_modules\\@rollup\\rollup-linux-arm64-gnu'
99 silly reify ]
100 verbose reify failed optional dependency C:\Users\Lorena\Desktop\front-end-dev\CLASS-PROJECTS\API-project\api-react-app\node_modules\@rollup\rollup-linux-arm-musleabihf
101 silly reify mark deleted [
101 silly reify   'C:\\Users\\Lorena\\Desktop\\front-end-dev\\CLASS-PROJECTS\\API-project\\api-react-app\\node_modules\\@rollup\\rollup-linux-arm-musleabihf'
101 silly reify ]
102 verbose reify failed optional dependency C:\Users\Lorena\Desktop\front-end-dev\CLASS-PROJECTS\API-project\api-react-app\node_modules\@rollup\rollup-linux-arm-gnueabihf
103 silly reify mark deleted [
103 silly reify   'C:\\Users\\Lorena\\Desktop\\front-end-dev\\CLASS-PROJECTS\\API-project\\api-react-app\\node_modules\\@rollup\\rollup-linux-arm-gnueabihf'
103 silly reify ]
104 verbose reify failed optional dependency C:\Users\Lorena\Desktop\front-end-dev\CLASS-PROJECTS\API-project\api-react-app\node_modules\@rollup\rollup-freebsd-x64
105 silly reify mark deleted [
105 silly reify   'C:\\Users\\Lorena\\Desktop\\front-end-dev\\CLASS-PROJECTS\\API-project\\api-react-app\\node_modules\\@rollup\\rollup-freebsd-x64'
105 silly reify ]
106 verbose reify failed optional dependency C:\Users\Lorena\Desktop\front-end-dev\CLASS-PROJECTS\API-project\api-react-app\node_modules\@rollup\rollup-freebsd-arm64
107 silly reify mark deleted [
107 silly reify   'C:\\Users\\Lorena\\Desktop\\front-end-dev\\CLASS-PROJECTS\\API-project\\api-react-app\\node_modules\\@rollup\\rollup-freebsd-arm64'
107 silly reify ]
108 verbose reify failed optional dependency C:\Users\Lorena\Desktop\front-end-dev\CLASS-PROJECTS\API-project\api-react-app\node_modules\@rollup\rollup-darwin-x64
109 silly reify mark deleted [
109 silly reify   'C:\\Users\\Lorena\\Desktop\\front-end-dev\\CLASS-PROJECTS\\API-project\\api-react-app\\node_modules\\@rollup\\rollup-darwin-x64'
109 silly reify ]
110 verbose reify failed optional dependency C:\Users\Lorena\Desktop\front-end-dev\CLASS-PROJECTS\API-project\api-react-app\node_modules\@rollup\rollup-darwin-arm64
111 silly reify mark deleted [
111 silly reify   'C:\\Users\\Lorena\\Desktop\\front-end-dev\\CLASS-PROJECTS\\API-project\\api-react-app\\node_modules\\@rollup\\rollup-darwin-arm64'
111 silly reify ]
112 verbose reify failed optional dependency C:\Users\Lorena\Desktop\front-end-dev\CLASS-PROJECTS\API-project\api-react-app\node_modules\@rollup\rollup-android-arm64
113 silly reify mark deleted [
113 silly reify   'C:\\Users\\Lorena\\Desktop\\front-end-dev\\CLASS-PROJECTS\\API-project\\api-react-app\\node_modules\\@rollup\\rollup-android-arm64'
113 silly reify ]
114 verbose reify failed optional dependency C:\Users\Lorena\Desktop\front-end-dev\CLASS-PROJECTS\API-project\api-react-app\node_modules\@rollup\rollup-android-arm-eabi
115 silly reify mark deleted [
115 silly reify   'C:\\Users\\Lorena\\Desktop\\front-end-dev\\CLASS-PROJECTS\\API-project\\api-react-app\\node_modules\\@rollup\\rollup-android-arm-eabi'
115 silly reify ]
116 verbose reify failed optional dependency C:\Users\Lorena\Desktop\front-end-dev\CLASS-PROJECTS\API-project\api-react-app\node_modules\@esbuild\win32-ia32
117 silly reify mark deleted [
117 silly reify   'C:\\Users\\Lorena\\Desktop\\front-end-dev\\CLASS-PROJECTS\\API-project\\api-react-app\\node_modules\\@esbuild\\win32-ia32'
117 silly reify ]
118 verbose reify failed optional dependency C:\Users\Lorena\Desktop\front-end-dev\CLASS-PROJECTS\API-project\api-react-app\node_modules\@esbuild\win32-arm64
119 silly reify mark deleted [
119 silly reify   'C:\\Users\\Lorena\\Desktop\\front-end-dev\\CLASS-PROJECTS\\API-project\\api-react-app\\node_modules\\@esbuild\\win32-arm64'
119 silly reify ]
120 verbose reify failed optional dependency C:\Users\Lorena\Desktop\front-end-dev\CLASS-PROJECTS\API-project\api-react-app\node_modules\@esbuild\sunos-x64
121 silly reify mark deleted [
121 silly reify   'C:\\Users\\Lorena\\Desktop\\front-end-dev\\CLASS-PROJECTS\\API-project\\api-react-app\\node_modules\\@esbuild\\sunos-x64'
121 silly reify ]
122 verbose reify failed optional dependency C:\Users\Lorena\Desktop\front-end-dev\CLASS-PROJECTS\API-project\api-react-app\node_modules\@esbuild\openbsd-x64
123 silly reify mark deleted [
123 silly reify   'C:\\Users\\Lorena\\Desktop\\front-end-dev\\CLASS-PROJECTS\\API-project\\api-react-app\\node_modules\\@esbuild\\openbsd-x64'
123 silly reify ]
124 verbose reify failed optional dependency C:\Users\Lorena\Desktop\front-end-dev\CLASS-PROJECTS\API-project\api-react-app\node_modules\@esbuild\openbsd-arm64
125 silly reify mark deleted [
125 silly reify   'C:\\Users\\Lorena\\Desktop\\front-end-dev\\CLASS-PROJECTS\\API-project\\api-react-app\\node_modules\\@esbuild\\openbsd-arm64'
125 silly reify ]
126 verbose reify failed optional dependency C:\Users\Lorena\Desktop\front-end-dev\CLASS-PROJECTS\API-project\api-react-app\node_modules\@esbuild\netbsd-x64
127 silly reify mark deleted [
127 silly reify   'C:\\Users\\Lorena\\Desktop\\front-end-dev\\CLASS-PROJECTS\\API-project\\api-react-app\\node_modules\\@esbuild\\netbsd-x64'
127 silly reify ]
128 verbose reify failed optional dependency C:\Users\Lorena\Desktop\front-end-dev\CLASS-PROJECTS\API-project\api-react-app\node_modules\@esbuild\netbsd-arm64
129 silly reify mark deleted [
129 silly reify   'C:\\Users\\Lorena\\Desktop\\front-end-dev\\CLASS-PROJECTS\\API-project\\api-react-app\\node_modules\\@esbuild\\netbsd-arm64'
129 silly reify ]
130 verbose reify failed optional dependency C:\Users\Lorena\Desktop\front-end-dev\CLASS-PROJECTS\API-project\api-react-app\node_modules\@esbuild\linux-x64
131 silly reify mark deleted [
131 silly reify   'C:\\Users\\Lorena\\Desktop\\front-end-dev\\CLASS-PROJECTS\\API-project\\api-react-app\\node_modules\\@esbuild\\linux-x64'
131 silly reify ]
132 verbose reify failed optional dependency C:\Users\Lorena\Desktop\front-end-dev\CLASS-PROJECTS\API-project\api-react-app\node_modules\@esbuild\linux-s390x
133 silly reify mark deleted [
133 silly reify   'C:\\Users\\Lorena\\Desktop\\front-end-dev\\CLASS-PROJECTS\\API-project\\api-react-app\\node_modules\\@esbuild\\linux-s390x'
133 silly reify ]
134 verbose reify failed optional dependency C:\Users\Lorena\Desktop\front-end-dev\CLASS-PROJECTS\API-project\api-react-app\node_modules\@esbuild\linux-riscv64
135 silly reify mark deleted [
135 silly reify   'C:\\Users\\Lorena\\Desktop\\front-end-dev\\CLASS-PROJECTS\\API-project\\api-react-app\\node_modules\\@esbuild\\linux-riscv64'
135 silly reify ]
136 verbose reify failed optional dependency C:\Users\Lorena\Desktop\front-end-dev\CLASS-PROJECTS\API-project\api-react-app\node_modules\@esbuild\linux-ppc64
137 silly reify mark deleted [
137 silly reify   'C:\\Users\\Lorena\\Desktop\\front-end-dev\\CLASS-PROJECTS\\API-project\\api-react-app\\node_modules\\@esbuild\\linux-ppc64'
137 silly reify ]
138 verbose reify failed optional dependency C:\Users\Lorena\Desktop\front-end-dev\CLASS-PROJECTS\API-project\api-react-app\node_modules\@esbuild\linux-mips64el
139 silly reify mark deleted [
139 silly reify   'C:\\Users\\Lorena\\Desktop\\front-end-dev\\CLASS-PROJECTS\\API-project\\api-react-app\\node_modules\\@esbuild\\linux-mips64el'
139 silly reify ]
140 verbose reify failed optional dependency C:\Users\Lorena\Desktop\front-end-dev\CLASS-PROJECTS\API-project\api-react-app\node_modules\@esbuild\linux-loong64
141 silly reify mark deleted [
141 silly reify   'C:\\Users\\Lorena\\Desktop\\front-end-dev\\CLASS-PROJECTS\\API-project\\api-react-app\\node_modules\\@esbuild\\linux-loong64'
141 silly reify ]
142 verbose reify failed optional dependency C:\Users\Lorena\Desktop\front-end-dev\CLASS-PROJECTS\API-project\api-react-app\node_modules\@esbuild\linux-ia32
143 silly reify mark deleted [
143 silly reify   'C:\\Users\\Lorena\\Desktop\\front-end-dev\\CLASS-PROJECTS\\API-project\\api-react-app\\node_modules\\@esbuild\\linux-ia32'
143 silly reify ]
144 verbose reify failed optional dependency C:\Users\Lorena\Desktop\front-end-dev\CLASS-PROJECTS\API-project\api-react-app\node_modules\@esbuild\linux-arm64
145 silly reify mark deleted [
145 silly reify   'C:\\Users\\Lorena\\Desktop\\front-end-dev\\CLASS-PROJECTS\\API-project\\api-react-app\\node_modules\\@esbuild\\linux-arm64'
145 silly reify ]
146 verbose reify failed optional dependency C:\Users\Lorena\Desktop\front-end-dev\CLASS-PROJECTS\API-project\api-react-app\node_modules\@esbuild\linux-arm
147 silly reify mark deleted [
147 silly reify   'C:\\Users\\Lorena\\Desktop\\front-end-dev\\CLASS-PROJECTS\\API-project\\api-react-app\\node_modules\\@esbuild\\linux-arm'
147 silly reify ]
148 verbose reify failed optional dependency C:\Users\Lorena\Desktop\front-end-dev\CLASS-PROJECTS\API-project\api-react-app\node_modules\@esbuild\freebsd-x64
149 silly reify mark deleted [
149 silly reify   'C:\\Users\\Lorena\\Desktop\\front-end-dev\\CLASS-PROJECTS\\API-project\\api-react-app\\node_modules\\@esbuild\\freebsd-x64'
149 silly reify ]
150 verbose reify failed optional dependency C:\Users\Lorena\Desktop\front-end-dev\CLASS-PROJECTS\API-project\api-react-app\node_modules\@esbuild\freebsd-arm64
151 silly reify mark deleted [
151 silly reify   'C:\\Users\\Lorena\\Desktop\\front-end-dev\\CLASS-PROJECTS\\API-project\\api-react-app\\node_modules\\@esbuild\\freebsd-arm64'
151 silly reify ]
152 verbose reify failed optional dependency C:\Users\Lorena\Desktop\front-end-dev\CLASS-PROJECTS\API-project\api-react-app\node_modules\@esbuild\darwin-x64
153 silly reify mark deleted [
153 silly reify   'C:\\Users\\Lorena\\Desktop\\front-end-dev\\CLASS-PROJECTS\\API-project\\api-react-app\\node_modules\\@esbuild\\darwin-x64'
153 silly reify ]
154 verbose reify failed optional dependency C:\Users\Lorena\Desktop\front-end-dev\CLASS-PROJECTS\API-project\api-react-app\node_modules\@esbuild\darwin-arm64
155 silly reify mark deleted [
155 silly reify   'C:\\Users\\Lorena\\Desktop\\front-end-dev\\CLASS-PROJECTS\\API-project\\api-react-app\\node_modules\\@esbuild\\darwin-arm64'
155 silly reify ]
156 verbose reify failed optional dependency C:\Users\Lorena\Desktop\front-end-dev\CLASS-PROJECTS\API-project\api-react-app\node_modules\@esbuild\android-x64
157 silly reify mark deleted [
157 silly reify   'C:\\Users\\Lorena\\Desktop\\front-end-dev\\CLASS-PROJECTS\\API-project\\api-react-app\\node_modules\\@esbuild\\android-x64'
157 silly reify ]
158 verbose reify failed optional dependency C:\Users\Lorena\Desktop\front-end-dev\CLASS-PROJECTS\API-project\api-react-app\node_modules\@esbuild\android-arm64
159 silly reify mark deleted [
159 silly reify   'C:\\Users\\Lorena\\Desktop\\front-end-dev\\CLASS-PROJECTS\\API-project\\api-react-app\\node_modules\\@esbuild\\android-arm64'
159 silly reify ]
160 verbose reify failed optional dependency C:\Users\Lorena\Desktop\front-end-dev\CLASS-PROJECTS\API-project\api-react-app\node_modules\@esbuild\android-arm
161 silly reify mark deleted [
161 silly reify   'C:\\Users\\Lorena\\Desktop\\front-end-dev\\CLASS-PROJECTS\\API-project\\api-react-app\\node_modules\\@esbuild\\android-arm'
161 silly reify ]
162 verbose reify failed optional dependency C:\Users\Lorena\Desktop\front-end-dev\CLASS-PROJECTS\API-project\api-react-app\node_modules\@esbuild\aix-ppc64
163 silly reify mark deleted [
163 silly reify   'C:\\Users\\Lorena\\Desktop\\front-end-dev\\CLASS-PROJECTS\\API-project\\api-react-app\\node_modules\\@esbuild\\aix-ppc64'
163 silly reify ]
164 timing reifyNode:node_modules/fsevents Completed in 9ms
165 timing reifyNode:node_modules/@rollup/rollup-win32-ia32-msvc Completed in 9ms
166 timing reifyNode:node_modules/@rollup/rollup-win32-arm64-msvc Completed in 9ms
167 timing reifyNode:node_modules/@rollup/rollup-linux-x64-musl Completed in 9ms
168 timing reifyNode:node_modules/@rollup/rollup-linux-x64-gnu Completed in 9ms
169 timing reifyNode:node_modules/@rollup/rollup-linux-s390x-gnu Completed in 9ms
170 timing reifyNode:node_modules/@rollup/rollup-linux-riscv64-gnu Completed in 9ms
171 timing reifyNode:node_modules/@rollup/rollup-linux-powerpc64le-gnu Completed in 9ms
172 timing reifyNode:node_modules/@rollup/rollup-linux-loongarch64-gnu Completed in 9ms
173 timing reifyNode:node_modules/@rollup/rollup-linux-arm64-musl Completed in 9ms
174 timing reifyNode:node_modules/@rollup/rollup-linux-arm64-gnu Completed in 9ms
175 timing reifyNode:node_modules/@rollup/rollup-linux-arm-musleabihf Completed in 9ms
176 timing reifyNode:node_modules/@rollup/rollup-linux-arm-gnueabihf Completed in 9ms
177 timing reifyNode:node_modules/@rollup/rollup-freebsd-x64 Completed in 9ms
178 timing reifyNode:node_modules/@rollup/rollup-freebsd-arm64 Completed in 9ms
179 timing reifyNode:node_modules/@rollup/rollup-darwin-x64 Completed in 9ms
180 timing reifyNode:node_modules/@rollup/rollup-darwin-arm64 Completed in 8ms
181 timing reifyNode:node_modules/@rollup/rollup-android-arm64 Completed in 8ms
182 timing reifyNode:node_modules/@rollup/rollup-android-arm-eabi Completed in 8ms
183 timing reifyNode:node_modules/@esbuild/win32-ia32 Completed in 8ms
184 timing reifyNode:node_modules/@esbuild/win32-arm64 Completed in 8ms
185 timing reifyNode:node_modules/@esbuild/sunos-x64 Completed in 9ms
186 timing reifyNode:node_modules/@esbuild/openbsd-x64 Completed in 9ms
187 timing reifyNode:node_modules/@esbuild/openbsd-arm64 Completed in 9ms
188 timing reifyNode:node_modules/@esbuild/netbsd-x64 Completed in 9ms
189 timing reifyNode:node_modules/@esbuild/netbsd-arm64 Completed in 9ms
190 timing reifyNode:node_modules/@esbuild/linux-x64 Completed in 9ms
191 timing reifyNode:node_modules/@esbuild/linux-s390x Completed in 9ms
192 timing reifyNode:node_modules/@esbuild/linux-riscv64 Completed in 9ms
193 timing reifyNode:node_modules/@esbuild/linux-ppc64 Completed in 9ms
194 timing reifyNode:node_modules/@esbuild/linux-mips64el Completed in 9ms
195 timing reifyNode:node_modules/@esbuild/linux-loong64 Completed in 9ms
196 timing reifyNode:node_modules/@esbuild/linux-ia32 Completed in 9ms
197 timing reifyNode:node_modules/@esbuild/linux-arm64 Completed in 9ms
198 timing reifyNode:node_modules/@esbuild/linux-arm Completed in 9ms
199 timing reifyNode:node_modules/@esbuild/freebsd-x64 Completed in 9ms
200 timing reifyNode:node_modules/@esbuild/freebsd-arm64 Completed in 9ms
201 timing reifyNode:node_modules/@esbuild/darwin-x64 Completed in 9ms
202 timing reifyNode:node_modules/@esbuild/darwin-arm64 Completed in 8ms
203 timing reifyNode:node_modules/@esbuild/android-x64 Completed in 8ms
204 timing reifyNode:node_modules/@esbuild/android-arm64 Completed in 8ms
205 timing reifyNode:node_modules/@esbuild/android-arm Completed in 8ms
206 timing reifyNode:node_modules/@esbuild/aix-ppc64 Completed in 8ms
207 silly tarball no local data for @types/cookie@https://registry.npmjs.org/@types/cookie/-/cookie-0.6.0.tgz. Extracting by manifest.
208 silly tarball no local data for turbo-stream@https://registry.npmjs.org/turbo-stream/-/turbo-stream-2.4.0.tgz. Extracting by manifest.
209 silly tarball no local data for set-cookie-parser@https://registry.npmjs.org/set-cookie-parser/-/set-cookie-parser-2.7.1.tgz. Extracting by manifest.
210 silly tarball no local data for cookie@https://registry.npmjs.org/cookie/-/cookie-1.0.2.tgz. Extracting by manifest.
211 silly tarball no local data for react-router@https://registry.npmjs.org/react-router/-/react-router-7.1.1.tgz. Extracting by manifest.
212 silly tarball no local data for react-router-dom@https://registry.npmjs.org/react-router-dom/-/react-router-dom-7.1.1.tgz. Extracting by manifest.
213 http fetch GET 200 https://registry.npmjs.org/@types/cookie/-/cookie-0.6.0.tgz 93ms (cache miss)
214 timing reifyNode:node_modules/@types/cookie Completed in 114ms
215 http fetch GET 200 https://registry.npmjs.org/set-cookie-parser/-/set-cookie-parser-2.7.1.tgz 101ms (cache miss)
216 timing reifyNode:node_modules/set-cookie-parser Completed in 118ms
217 http fetch GET 200 https://registry.npmjs.org/turbo-stream/-/turbo-stream-2.4.0.tgz 123ms (cache miss)
218 timing reifyNode:node_modules/turbo-stream Completed in 143ms
219 http fetch GET 200 https://registry.npmjs.org/react-router-dom/-/react-router-dom-7.1.1.tgz 168ms (cache miss)
220 timing reifyNode:node_modules/react-router-dom Completed in 192ms
221 http fetch GET 200 https://registry.npmjs.org/cookie/-/cookie-1.0.2.tgz 179ms (cache miss)
222 timing reifyNode:node_modules/cookie Completed in 196ms
223 http fetch POST 200 https://registry.npmjs.org/-/npm/v1/security/advisories/bulk 221ms
224 timing auditReport:getReport Completed in 225ms
225 silly audit report {}
226 timing auditReport:init Completed in 0ms
227 timing reify:audit Completed in 225ms
228 http fetch GET 200 https://registry.npmjs.org/react-router/-/react-router-7.1.1.tgz 395ms (cache miss)
229 timing reifyNode:node_modules/react-router Completed in 419ms
230 timing reify:unpack Completed in 419ms
231 timing reify:unretire Completed in 0ms
232 timing build:queue Completed in 1ms
233 timing build:deps Completed in 1ms
234 timing build Completed in 2ms
235 timing reify:build Completed in 2ms
236 timing reify:trash Completed in 5ms
237 timing reify:save Completed in 118ms
238 timing reify Completed in 2387ms
239 silly ADD node_modules/turbo-stream
240 silly ADD node_modules/set-cookie-parser
241 silly ADD node_modules/cookie
242 silly ADD node_modules/@types/cookie
243 silly ADD node_modules/react-router
244 silly ADD node_modules/react-router-dom
245 silly ADD
246 silly ADD
247 silly ADD
248 silly ADD
249 silly ADD
250 silly ADD
251 silly ADD
252 silly ADD
253 silly ADD
254 silly ADD
255 silly ADD
256 silly ADD
257 silly ADD
258 silly ADD
259 silly ADD
260 silly ADD
261 silly ADD
262 silly ADD
263 silly ADD
264 silly ADD
265 silly ADD
266 silly ADD
267 silly ADD
268 silly ADD
269 silly ADD
270 silly ADD
271 silly ADD
272 silly ADD
273 silly ADD
274 silly ADD
275 silly ADD
276 silly ADD
277 silly ADD
278 silly ADD
279 silly ADD
280 silly ADD
281 silly ADD
282 silly ADD
283 silly ADD
284 silly ADD
285 silly ADD
286 silly ADD
287 silly ADD
288 timing command:i Completed in 2396ms
289 verbose exit 0
290 timing npm Completed in 2700ms
291 info ok
