0 verbose cli C:\Program Files\nodejs\node.exe C:\Program Files\nodejs\node_modules\npm\bin\npm-cli.js
1 info using npm@10.2.4
2 info using node@v20.11.1
3 timing npm:load:whichnode Completed in 2ms
4 timing config:load:defaults Completed in 2ms
5 timing config:load:file:C:\Program Files\nodejs\node_modules\npm\npmrc Completed in 3ms
6 timing config:load:builtin Completed in 3ms
7 timing config:load:cli Completed in 1ms
8 timing config:load:env Completed in 1ms
9 timing config:load:file:C:\Users\Lorena\Desktop\front-end-dev\CLASS-PROJECTS\API-project\api-react-app\.npmrc Completed in 0ms
10 timing config:load:project Completed in 2ms
11 timing config:load:file:C:\Users\Lorena\.npmrc Completed in 0ms
12 timing config:load:user Completed in 0ms
13 timing config:load:file:C:\Users\Lorena\AppData\Roaming\npm\etc\npmrc Completed in 1ms
14 timing config:load:global Completed in 1ms
15 timing config:load:setEnvs Completed in 1ms
16 timing config:load Completed in 12ms
17 timing npm:load:configload Completed in 12ms
18 timing config:load:flatten Completed in 2ms
19 timing npm:load:mkdirpcache Completed in 0ms
20 timing npm:load:mkdirplogs Completed in 1ms
21 verbose title npm install axips
22 verbose argv "install" "axips"
23 timing npm:load:setTitle Completed in 1ms
24 timing npm:load:display Completed in 0ms
25 verbose logfile logs-max:10 dir:C:\Users\Lorena\Desktop\front-end-dev\CLASS-PROJECTS\API-project\api-react-app\UsersLorenaAppDataLocalnpm-cache\_logs\2024-12-29T13_32_01_525Z-
26 verbose logfile C:\Users\Lorena\Desktop\front-end-dev\CLASS-PROJECTS\API-project\api-react-app\UsersLorenaAppDataLocalnpm-cache\_logs\2024-12-29T13_32_01_525Z-debug-0.log
27 timing npm:load:logFile Completed in 11ms
28 timing npm:load:timers Completed in 0ms
29 timing npm:load:configScope Completed in 0ms
30 timing npm:load Completed in 51ms
31 timing arborist:ctor Completed in 0ms
32 silly logfile done cleaning log files
33 timing idealTree:init Completed in 121ms
34 timing idealTree:userRequests Completed in 1ms
35 silly idealTree buildDeps
36 silly fetch manifest axips@*
37 timing arborist:ctor Completed in 0ms
38 http fetch GET 404 https://registry.npmjs.org/axips 918ms (cache skip)
39 http fetch GET 404 https://registry.npmjs.org/axips 684ms (cache skip)
40 silly placeDep ROOT axips@ OK for: api-react-app@0.0.0 want: *
41 timing idealTree:#root Completed in 1608ms
42 timing idealTree:node_modules/axips Completed in 0ms
43 timing idealTree:buildDeps Completed in 1609ms
44 timing idealTree:fixDepFlags Completed in 2ms
45 timing idealTree Completed in 1734ms
46 timing command:install Completed in 1742ms
47 verbose stack HttpErrorGeneral: 404 Not Found - GET https://registry.npmjs.org/axips - Not found
47 verbose stack     at C:\Program Files\nodejs\node_modules\npm\node_modules\npm-registry-fetch\lib\check-response.js:95:15
47 verbose stack     at process.processTicksAndRejections (node:internal/process/task_queues:95:5)
47 verbose stack     at async RegistryFetcher.packument (C:\Program Files\nodejs\node_modules\npm\node_modules\pacote\lib\registry.js:87:19)
47 verbose stack     at async RegistryFetcher.manifest (C:\Program Files\nodejs\node_modules\npm\node_modules\pacote\lib\registry.js:118:23)
47 verbose stack     at async #nodeFromEdge (C:\Program Files\nodejs\node_modules\npm\node_modules\@npmcli\arborist\lib\arborist\build-ideal-tree.js:1049:19)
47 verbose stack     at async #buildDepStep (C:\Program Files\nodejs\node_modules\npm\node_modules\@npmcli\arborist\lib\arborist\build-ideal-tree.js:917:11)
47 verbose stack     at async Arborist.buildIdealTree (C:\Program Files\nodejs\node_modules\npm\node_modules\@npmcli\arborist\lib\arborist\build-ideal-tree.js:196:7)
47 verbose stack     at async Promise.all (index 1)
47 verbose stack     at async Arborist.reify (C:\Program Files\nodejs\node_modules\npm\node_modules\@npmcli\arborist\lib\arborist\reify.js:159:5)
47 verbose stack     at async Install.exec (C:\Program Files\nodejs\node_modules\npm\lib\commands\install.js:152:5)
48 verbose statusCode 404
49 verbose pkgid axips@*
50 verbose cwd C:\Users\Lorena\Desktop\front-end-dev\CLASS-PROJECTS\API-project\api-react-app
51 verbose Windows_NT 10.0.22631
52 verbose node v20.11.1
53 verbose npm  v10.2.4
54 error code E404
55 error 404 Not Found - GET https://registry.npmjs.org/axips - Not found
56 error 404
57 error 404  'axips@*' is not in this registry.
58 error 404
58 error 404 Note that you can also install from a
59 error 404 tarball, folder, http url, or git url.
60 verbose exit 1
61 timing npm Completed in 2059ms
62 verbose unfinished npm timer reify 1735479121837
63 verbose unfinished npm timer reify:loadTrees 1735479121841
64 verbose code 1
65 error A complete log of this run can be found in: C:\Users\Lorena\Desktop\front-end-dev\CLASS-PROJECTS\API-project\api-react-app\UsersLorenaAppDataLocalnpm-cache\_logs\2024-12-29T13_32_01_525Z-debug-0.log
